2020-08-29 10:37:14.194 WARN  DB-ERROR at storeReading ValidationError: date: Path `date` is required. 
2020-08-29 10:37:14.197 WARN  API-ERROR at storeReading ValidationError: date: Path `date` is required. 
2020-08-29 10:43:58.944 WARN  DB-ERROR at storeReading ValidationError: date: Path `date` is required. 
2020-08-29 10:43:58.949 WARN  API-ERROR at storeReading ValidationError: date: Path `date` is required. 
2020-08-29 10:43:59.092 WARN  400: Bad Request: chat_id is empty
{"code":400,"response":{"ok":false,"error_code":400,"description":"Bad Request: chat_id is empty"},"description":"Bad Request: chat_id is empty","parameters":{},"on":{"method":"sendMessage","payload":{"text":"Obacht... Bambus hat einen kritisch tiefen Wert (1) bei der letzten Messung.\n Geh nachsehen."}}}
Error: 400: Bad Request: chat_id is empty
    at /home/app/node_modules/telegraf/core/network/client.js:281:17
    at processTicksAndRejections (internal/process/task_queues.js:97:5) 
2020-08-29 10:48:39.818 WARN  400: Bad Request: chat_id is empty
{"code":400,"response":{"ok":false,"error_code":400,"description":"Bad Request: chat_id is empty"},"description":"Bad Request: chat_id is empty","parameters":{},"on":{"method":"sendMessage","payload":{"text":"Obacht... Bambus hat einen kritisch tiefen Wert (1) bei der letzten Messung.\n Geh nachsehen."}}}
Error: 400: Bad Request: chat_id is empty
    at /home/app/node_modules/telegraf/core/network/client.js:281:17
    at processTicksAndRejections (internal/process/task_queues.js:97:5) 
2020-08-29 10:50:41.648 WARN  400: Bad Request: chat_id is empty
{"code":400,"response":{"ok":false,"error_code":400,"description":"Bad Request: chat_id is empty"},"description":"Bad Request: chat_id is empty","parameters":{},"on":{"method":"sendMessage","payload":{"text":"Obacht... Bambus hat einen kritisch tiefen Wert (1) bei der letzten Messung.\n Geh nachsehen."}}}
Error: 400: Bad Request: chat_id is empty
    at /home/app/node_modules/telegraf/core/network/client.js:281:17
    at processTicksAndRejections (internal/process/task_queues.js:97:5) 
2020-08-29 11:00:37.041 WARN  DB-ERROR at storeReading ValidationError: date: Cast to date failed for value "undefined" at path "date" 
2020-08-29 11:00:37.042 WARN  API-ERROR at storeReading ValidationError: date: Cast to date failed for value "undefined" at path "date" 
2020-08-29 11:00:37.080 WARN  400: Bad Request: chat_id is empty
{"code":400,"response":{"ok":false,"error_code":400,"description":"Bad Request: chat_id is empty"},"description":"Bad Request: chat_id is empty","parameters":{},"on":{"method":"sendMessage","payload":{"text":"Obacht... Bambus hat einen kritisch tiefen Wert (1) bei der letzten Messung.\n Geh nachsehen."}}}
Error: 400: Bad Request: chat_id is empty
    at /home/app/node_modules/telegraf/core/network/client.js:281:17
    at processTicksAndRejections (internal/process/task_queues.js:97:5) 
2020-08-29 11:02:39.074 WARN  DB-ERROR at storeReading ValidationError: date: Cast to date failed for value "undefined" at path "date" 
2020-08-29 11:02:39.079 WARN  API-ERROR at storeReading ValidationError: date: Cast to date failed for value "undefined" at path "date" 
2020-08-29 11:04:40.967 WARN  DB-ERROR at storeReading ValidationError: date: Cast to date failed for value "undefined" at path "date" 
2020-08-29 11:04:40.969 WARN  API-ERROR at storeReading ValidationError: date: Cast to date failed for value "undefined" at path "date" 
2020-08-29 11:12:56.583 WARN  DB-ERROR at storeReading ValidationError: plantId: Path `plantId` is required., hum: Path `hum` is required. 
2020-08-29 11:12:56.586 WARN  API-ERROR at storeReading ValidationError: plantId: Path `plantId` is required., hum: Path `hum` is required. 
2020-08-29 11:16:39.893 WARN  400: Bad Request: chat_id is empty
{"code":400,"response":{"ok":false,"error_code":400,"description":"Bad Request: chat_id is empty"},"description":"Bad Request: chat_id is empty","parameters":{},"on":{"method":"sendMessage","payload":{"text":"Obacht... Bambus hat einen kritisch tiefen Wert (89) bei der letzten Messung.\n Geh nachsehen."}}}
Error: 400: Bad Request: chat_id is empty
    at /home/app/node_modules/telegraf/core/network/client.js:281:17
    at processTicksAndRejections (internal/process/task_queues.js:97:5) 
2020-08-29 11:18:41.253 WARN  400: Bad Request: chat_id is empty
{"code":400,"response":{"ok":false,"error_code":400,"description":"Bad Request: chat_id is empty"},"description":"Bad Request: chat_id is empty","parameters":{},"on":{"method":"sendMessage","payload":{"text":"Obacht... Bambus hat einen kritisch tiefen Wert (1) bei der letzten Messung.\n Geh nachsehen."}}}
Error: 400: Bad Request: chat_id is empty
    at /home/app/node_modules/telegraf/core/network/client.js:281:17
    at processTicksAndRejections (internal/process/task_queues.js:97:5) 
2020-08-29 13:20:05.737 WARN  400: Bad Request: chat_id is empty
{"code":400,"response":{"ok":false,"error_code":400,"description":"Bad Request: chat_id is empty"},"description":"Bad Request: chat_id is empty","parameters":{},"on":{"method":"sendMessage","payload":{"text":"Obacht... Bambus hat einen kritisch tiefen Wert (1) bei der letzten Messung.\n Geh nachsehen."}}}
Error: 400: Bad Request: chat_id is empty
    at /home/app/node_modules/telegraf/core/network/client.js:281:17
    at processTicksAndRejections (internal/process/task_queues.js:97:5) 
2020-09-05 11:29:15.401 WARN  WEATHER-ERROR at getWeatherData ReferenceError: WEATHER_UNITS is not defined 
2020-09-05 11:29:19.845 WARN  WEATHER-ERROR at getWeatherData ReferenceError: WEATHER_UNITS is not defined 
